CRITICAL - 2020-10-06 23:11:49 --> Call to undefined method CodeIgniter\View\View::view()
#0 /var/www/html/ppaw-sem5/system/View/View.php(246): include()
#1 /var/www/html/ppaw-sem5/system/Common.php(1119): CodeIgniter\View\View->render()
#2 /var/www/html/ppaw-sem5/app/Controllers/Home.php(7): view()
#3 /var/www/html/ppaw-sem5/system/CodeIgniter.php(924): App\Controllers\Home->index()
#4 /var/www/html/ppaw-sem5/system/CodeIgniter.php(410): CodeIgniter\CodeIgniter->runController()
#5 /var/www/html/ppaw-sem5/system/CodeIgniter.php(318): CodeIgniter\CodeIgniter->handleRequest()
#6 /var/www/html/ppaw-sem5/public/index.php(45): CodeIgniter\CodeIgniter->run()
#7 /var/www/html/ppaw-sem5/system/Commands/Server/rewrite.php(34): require_once('/var/www/html/p...')
#8 {main}
CRITICAL - 2020-10-06 23:58:06 --> Unable to connect to the database.
#0 /var/www/html/ppaw-sem5/system/Database/BaseConnection.php(646): CodeIgniter\Database\BaseConnection->initialize()
#1 /var/www/html/ppaw-sem5/system/Database/BaseConnection.php(1548): CodeIgniter\Database\BaseConnection->query()
#2 /var/www/html/ppaw-sem5/system/Database/BaseConnection.php(1591): CodeIgniter\Database\BaseConnection->listTables()
#3 /var/www/html/ppaw-sem5/system/Database/MigrationRunner.php(945): CodeIgniter\Database\BaseConnection->tableExists()
#4 /var/www/html/ppaw-sem5/system/Database/MigrationRunner.php(193): CodeIgniter\Database\MigrationRunner->ensureTable()
#5 /var/www/html/ppaw-sem5/system/Commands/Database/Migrate.php(128): CodeIgniter\Database\MigrationRunner->latest()
#6 /var/www/html/ppaw-sem5/system/CLI/Commands.php(100): CodeIgniter\Commands\Database\Migrate->run()
#7 /var/www/html/ppaw-sem5/system/CLI/CommandRunner.php(107): CodeIgniter\CLI\Commands->run()
#8 /var/www/html/ppaw-sem5/system/CLI/CommandRunner.php(85): CodeIgniter\CLI\CommandRunner->index()
#9 /var/www/html/ppaw-sem5/system/CodeIgniter.php(920): CodeIgniter\CLI\CommandRunner->_remap()
#10 /var/www/html/ppaw-sem5/system/CodeIgniter.php(410): CodeIgniter\CodeIgniter->runController()
#11 /var/www/html/ppaw-sem5/system/CodeIgniter.php(318): CodeIgniter\CodeIgniter->handleRequest()
#12 /var/www/html/ppaw-sem5/system/CLI/Console.php(86): CodeIgniter\CodeIgniter->run()
#13 /var/www/html/ppaw-sem5/spark(57): CodeIgniter\CLI\Console->run()
#14 {main}
