CRITICAL - 2020-10-08 00:12:33 --> Undefined index: harga
#0 /var/www/html/ppaw-sem5/app/Views/pemesanan.php(92): CodeIgniter\Debug\Exceptions->errorHandler()
#1 /var/www/html/ppaw-sem5/system/View/View.php(246): include('/var/www/html/p...')
#2 /var/www/html/ppaw-sem5/system/Common.php(1119): CodeIgniter\View\View->render()
#3 /var/www/html/ppaw-sem5/app/Controllers/Transaksi.php(28): view()
#4 /var/www/html/ppaw-sem5/system/CodeIgniter.php(924): App\Controllers\Transaksi->index()
#5 /var/www/html/ppaw-sem5/system/CodeIgniter.php(410): CodeIgniter\CodeIgniter->runController()
#6 /var/www/html/ppaw-sem5/system/CodeIgniter.php(318): CodeIgniter\CodeIgniter->handleRequest()
#7 /var/www/html/ppaw-sem5/public/index.php(45): CodeIgniter\CodeIgniter->run()
#8 /var/www/html/ppaw-sem5/system/Commands/Server/rewrite.php(34): require_once('/var/www/html/p...')
#9 {main}
CRITICAL - 2020-10-08 00:24:35 --> Undefined variable: data
#0 /var/www/html/ppaw-sem5/app/Controllers/Home.php(29): CodeIgniter\Debug\Exceptions->errorHandler()
#1 /var/www/html/ppaw-sem5/system/CodeIgniter.php(924): App\Controllers\Home->getJson()
#2 /var/www/html/ppaw-sem5/system/CodeIgniter.php(410): CodeIgniter\CodeIgniter->runController()
#3 /var/www/html/ppaw-sem5/system/CodeIgniter.php(318): CodeIgniter\CodeIgniter->handleRequest()
#4 /var/www/html/ppaw-sem5/public/index.php(45): CodeIgniter\CodeIgniter->run()
#5 /var/www/html/ppaw-sem5/system/Commands/Server/rewrite.php(34): require_once('/var/www/html/p...')
#6 {main}
CRITICAL - 2020-10-08 00:24:41 --> Undefined variable: data
#0 /var/www/html/ppaw-sem5/app/Controllers/Home.php(29): CodeIgniter\Debug\Exceptions->errorHandler()
#1 /var/www/html/ppaw-sem5/system/CodeIgniter.php(924): App\Controllers\Home->getJson()
#2 /var/www/html/ppaw-sem5/system/CodeIgniter.php(410): CodeIgniter\CodeIgniter->runController()
#3 /var/www/html/ppaw-sem5/system/CodeIgniter.php(318): CodeIgniter\CodeIgniter->handleRequest()
#4 /var/www/html/ppaw-sem5/public/index.php(45): CodeIgniter\CodeIgniter->run()
#5 /var/www/html/ppaw-sem5/system/Commands/Server/rewrite.php(34): require_once('/var/www/html/p...')
#6 {main}
CRITICAL - 2020-10-08 00:24:42 --> Undefined variable: data
#0 /var/www/html/ppaw-sem5/app/Controllers/Home.php(29): CodeIgniter\Debug\Exceptions->errorHandler()
#1 /var/www/html/ppaw-sem5/system/CodeIgniter.php(924): App\Controllers\Home->getJson()
#2 /var/www/html/ppaw-sem5/system/CodeIgniter.php(410): CodeIgniter\CodeIgniter->runController()
#3 /var/www/html/ppaw-sem5/system/CodeIgniter.php(318): CodeIgniter\CodeIgniter->handleRequest()
#4 /var/www/html/ppaw-sem5/public/index.php(45): CodeIgniter\CodeIgniter->run()
#5 /var/www/html/ppaw-sem5/system/Commands/Server/rewrite.php(34): require_once('/var/www/html/p...')
#6 {main}
CRITICAL - 2020-10-08 00:33:26 --> Undefined property: App\Controllers\Home::$transaksiM
#0 /var/www/html/ppaw-sem5/app/Controllers/Home.php(31): CodeIgniter\Debug\Exceptions->errorHandler()
#1 /var/www/html/ppaw-sem5/system/CodeIgniter.php(924): App\Controllers\Home->getJson()
#2 /var/www/html/ppaw-sem5/system/CodeIgniter.php(410): CodeIgniter\CodeIgniter->runController()
#3 /var/www/html/ppaw-sem5/system/CodeIgniter.php(318): CodeIgniter\CodeIgniter->handleRequest()
#4 /var/www/html/ppaw-sem5/public/index.php(45): CodeIgniter\CodeIgniter->run()
#5 /var/www/html/ppaw-sem5/system/Commands/Server/rewrite.php(34): require_once('/var/www/html/p...')
#6 {main}
CRITICAL - 2020-10-08 00:33:28 --> Undefined property: App\Controllers\Home::$transaksiM
#0 /var/www/html/ppaw-sem5/app/Controllers/Home.php(31): CodeIgniter\Debug\Exceptions->errorHandler()
#1 /var/www/html/ppaw-sem5/system/CodeIgniter.php(924): App\Controllers\Home->getJson()
#2 /var/www/html/ppaw-sem5/system/CodeIgniter.php(410): CodeIgniter\CodeIgniter->runController()
#3 /var/www/html/ppaw-sem5/system/CodeIgniter.php(318): CodeIgniter\CodeIgniter->handleRequest()
#4 /var/www/html/ppaw-sem5/public/index.php(45): CodeIgniter\CodeIgniter->run()
#5 /var/www/html/ppaw-sem5/system/Commands/Server/rewrite.php(34): require_once('/var/www/html/p...')
#6 {main}
CRITICAL - 2020-10-08 00:33:32 --> Undefined property: App\Controllers\Home::$transaksiM
#0 /var/www/html/ppaw-sem5/app/Controllers/Home.php(31): CodeIgniter\Debug\Exceptions->errorHandler()
#1 /var/www/html/ppaw-sem5/system/CodeIgniter.php(924): App\Controllers\Home->getJson()
#2 /var/www/html/ppaw-sem5/system/CodeIgniter.php(410): CodeIgniter\CodeIgniter->runController()
#3 /var/www/html/ppaw-sem5/system/CodeIgniter.php(318): CodeIgniter\CodeIgniter->handleRequest()
#4 /var/www/html/ppaw-sem5/public/index.php(45): CodeIgniter\CodeIgniter->run()
#5 /var/www/html/ppaw-sem5/system/Commands/Server/rewrite.php(34): require_once('/var/www/html/p...')
#6 {main}
CRITICAL - 2020-10-08 00:33:46 --> Undefined property: App\Controllers\Home::$transaksi
#0 /var/www/html/ppaw-sem5/app/Controllers/Home.php(31): CodeIgniter\Debug\Exceptions->errorHandler()
#1 /var/www/html/ppaw-sem5/system/CodeIgniter.php(924): App\Controllers\Home->getJson()
#2 /var/www/html/ppaw-sem5/system/CodeIgniter.php(410): CodeIgniter\CodeIgniter->runController()
#3 /var/www/html/ppaw-sem5/system/CodeIgniter.php(318): CodeIgniter\CodeIgniter->handleRequest()
#4 /var/www/html/ppaw-sem5/public/index.php(45): CodeIgniter\CodeIgniter->run()
#5 /var/www/html/ppaw-sem5/system/Commands/Server/rewrite.php(34): require_once('/var/www/html/p...')
#6 {main}
CRITICAL - 2020-10-08 00:34:00 --> Call to a member function getResult() on array
#0 /var/www/html/ppaw-sem5/system/CodeIgniter.php(924): App\Controllers\Home->getJson()
#1 /var/www/html/ppaw-sem5/system/CodeIgniter.php(410): CodeIgniter\CodeIgniter->runController()
#2 /var/www/html/ppaw-sem5/system/CodeIgniter.php(318): CodeIgniter\CodeIgniter->handleRequest()
#3 /var/www/html/ppaw-sem5/public/index.php(45): CodeIgniter\CodeIgniter->run()
#4 /var/www/html/ppaw-sem5/system/Commands/Server/rewrite.php(34): require_once('/var/www/html/p...')
#5 {main}
CRITICAL - 2020-10-08 00:38:02 --> Call to a member function getResult() on array
#0 /var/www/html/ppaw-sem5/system/CodeIgniter.php(924): App\Controllers\Home->getJson()
#1 /var/www/html/ppaw-sem5/system/CodeIgniter.php(410): CodeIgniter\CodeIgniter->runController()
#2 /var/www/html/ppaw-sem5/system/CodeIgniter.php(318): CodeIgniter\CodeIgniter->handleRequest()
#3 /var/www/html/ppaw-sem5/public/index.php(45): CodeIgniter\CodeIgniter->run()
#4 /var/www/html/ppaw-sem5/system/Commands/Server/rewrite.php(34): require_once('/var/www/html/p...')
#5 {main}
CRITICAL - 2020-10-08 00:39:45 --> Call to a member function getResultArray() on array
#0 /var/www/html/ppaw-sem5/system/CodeIgniter.php(924): App\Controllers\Home->getJson()
#1 /var/www/html/ppaw-sem5/system/CodeIgniter.php(410): CodeIgniter\CodeIgniter->runController()
#2 /var/www/html/ppaw-sem5/system/CodeIgniter.php(318): CodeIgniter\CodeIgniter->handleRequest()
#3 /var/www/html/ppaw-sem5/public/index.php(45): CodeIgniter\CodeIgniter->run()
#4 /var/www/html/ppaw-sem5/system/Commands/Server/rewrite.php(34): require_once('/var/www/html/p...')
#5 {main}
