CRITICAL - 2020-10-07 00:01:44 --> Unable to connect to the database.
#0 /var/www/html/ppaw-sem5/system/Database/BaseConnection.php(646): CodeIgniter\Database\BaseConnection->initialize()
#1 /var/www/html/ppaw-sem5/system/Database/BaseConnection.php(1548): CodeIgniter\Database\BaseConnection->query()
#2 /var/www/html/ppaw-sem5/system/Database/BaseConnection.php(1591): CodeIgniter\Database\BaseConnection->listTables()
#3 /var/www/html/ppaw-sem5/system/Database/MigrationRunner.php(945): CodeIgniter\Database\BaseConnection->tableExists()
#4 /var/www/html/ppaw-sem5/system/Database/MigrationRunner.php(193): CodeIgniter\Database\MigrationRunner->ensureTable()
#5 /var/www/html/ppaw-sem5/system/Commands/Database/Migrate.php(128): CodeIgniter\Database\MigrationRunner->latest()
#6 /var/www/html/ppaw-sem5/system/CLI/Commands.php(100): CodeIgniter\Commands\Database\Migrate->run()
#7 /var/www/html/ppaw-sem5/system/CLI/CommandRunner.php(107): CodeIgniter\CLI\Commands->run()
#8 /var/www/html/ppaw-sem5/system/CLI/CommandRunner.php(85): CodeIgniter\CLI\CommandRunner->index()
#9 /var/www/html/ppaw-sem5/system/CodeIgniter.php(920): CodeIgniter\CLI\CommandRunner->_remap()
#10 /var/www/html/ppaw-sem5/system/CodeIgniter.php(410): CodeIgniter\CodeIgniter->runController()
#11 /var/www/html/ppaw-sem5/system/CodeIgniter.php(318): CodeIgniter\CodeIgniter->handleRequest()
#12 /var/www/html/ppaw-sem5/system/CLI/Console.php(86): CodeIgniter\CodeIgniter->run()
#13 /var/www/html/ppaw-sem5/spark(57): CodeIgniter\CLI\Console->run()
#14 {main}
CRITICAL - 2020-10-07 00:02:25 --> Unable to connect to the database.
#0 /var/www/html/ppaw-sem5/system/Database/BaseConnection.php(646): CodeIgniter\Database\BaseConnection->initialize()
#1 /var/www/html/ppaw-sem5/system/Database/BaseConnection.php(1548): CodeIgniter\Database\BaseConnection->query()
#2 /var/www/html/ppaw-sem5/system/Database/BaseConnection.php(1591): CodeIgniter\Database\BaseConnection->listTables()
#3 /var/www/html/ppaw-sem5/system/Database/MigrationRunner.php(945): CodeIgniter\Database\BaseConnection->tableExists()
#4 /var/www/html/ppaw-sem5/system/Database/MigrationRunner.php(193): CodeIgniter\Database\MigrationRunner->ensureTable()
#5 /var/www/html/ppaw-sem5/system/Commands/Database/Migrate.php(128): CodeIgniter\Database\MigrationRunner->latest()
#6 /var/www/html/ppaw-sem5/system/CLI/Commands.php(100): CodeIgniter\Commands\Database\Migrate->run()
#7 /var/www/html/ppaw-sem5/system/CLI/CommandRunner.php(107): CodeIgniter\CLI\Commands->run()
#8 /var/www/html/ppaw-sem5/system/CLI/CommandRunner.php(85): CodeIgniter\CLI\CommandRunner->index()
#9 /var/www/html/ppaw-sem5/system/CodeIgniter.php(920): CodeIgniter\CLI\CommandRunner->_remap()
#10 /var/www/html/ppaw-sem5/system/CodeIgniter.php(410): CodeIgniter\CodeIgniter->runController()
#11 /var/www/html/ppaw-sem5/system/CodeIgniter.php(318): CodeIgniter\CodeIgniter->handleRequest()
#12 /var/www/html/ppaw-sem5/system/CLI/Console.php(86): CodeIgniter\CodeIgniter->run()
#13 /var/www/html/ppaw-sem5/spark(57): CodeIgniter\CLI\Console->run()
#14 {main}
CRITICAL - 2020-10-07 00:21:37 --> Unable to connect to the database.
#0 /var/www/html/ppaw-sem5/system/Database/BaseConnection.php(646): CodeIgniter\Database\BaseConnection->initialize()
#1 /var/www/html/ppaw-sem5/system/Database/BaseBuilder.php(1860): CodeIgniter\Database\BaseConnection->query()
#2 /var/www/html/ppaw-sem5/system/Model.php(462): CodeIgniter\Database\BaseBuilder->get()
#3 /var/www/html/ppaw-sem5/app/Models/Ikan_model.php(11): CodeIgniter\Model->findAll()
#4 /var/www/html/ppaw-sem5/app/Controllers/Ikan.php(11): App\Models\Ikan_model->getIkan()
#5 /var/www/html/ppaw-sem5/system/CodeIgniter.php(924): App\Controllers\Ikan->index()
#6 /var/www/html/ppaw-sem5/system/CodeIgniter.php(410): CodeIgniter\CodeIgniter->runController()
#7 /var/www/html/ppaw-sem5/system/CodeIgniter.php(318): CodeIgniter\CodeIgniter->handleRequest()
#8 /var/www/html/ppaw-sem5/public/index.php(45): CodeIgniter\CodeIgniter->run()
#9 /var/www/html/ppaw-sem5/system/Commands/Server/rewrite.php(34): require_once('/var/www/html/p...')
#10 {main}
CRITICAL - 2020-10-07 00:22:18 --> Unable to connect to the database.
#0 /var/www/html/ppaw-sem5/system/Database/BaseConnection.php(646): CodeIgniter\Database\BaseConnection->initialize()
#1 /var/www/html/ppaw-sem5/system/Database/BaseBuilder.php(1860): CodeIgniter\Database\BaseConnection->query()
#2 /var/www/html/ppaw-sem5/system/Model.php(462): CodeIgniter\Database\BaseBuilder->get()
#3 /var/www/html/ppaw-sem5/app/Models/Ikan_model.php(11): CodeIgniter\Model->findAll()
#4 /var/www/html/ppaw-sem5/app/Controllers/Ikan.php(11): App\Models\Ikan_model->getIkan()
#5 /var/www/html/ppaw-sem5/system/CodeIgniter.php(924): App\Controllers\Ikan->index()
#6 /var/www/html/ppaw-sem5/system/CodeIgniter.php(410): CodeIgniter\CodeIgniter->runController()
#7 /var/www/html/ppaw-sem5/system/CodeIgniter.php(318): CodeIgniter\CodeIgniter->handleRequest()
#8 /var/www/html/ppaw-sem5/public/index.php(45): CodeIgniter\CodeIgniter->run()
#9 /var/www/html/ppaw-sem5/system/Commands/Server/rewrite.php(34): require_once('/var/www/html/p...')
#10 {main}
CRITICAL - 2020-10-07 00:22:58 --> Unable to connect to the database.
#0 /var/www/html/ppaw-sem5/system/Database/BaseConnection.php(646): CodeIgniter\Database\BaseConnection->initialize()
#1 /var/www/html/ppaw-sem5/system/Database/BaseBuilder.php(1860): CodeIgniter\Database\BaseConnection->query()
#2 /var/www/html/ppaw-sem5/system/Model.php(462): CodeIgniter\Database\BaseBuilder->get()
#3 /var/www/html/ppaw-sem5/app/Models/Ikan_model.php(11): CodeIgniter\Model->findAll()
#4 /var/www/html/ppaw-sem5/app/Controllers/Ikan.php(11): App\Models\Ikan_model->getIkan()
#5 /var/www/html/ppaw-sem5/system/CodeIgniter.php(924): App\Controllers\Ikan->index()
#6 /var/www/html/ppaw-sem5/system/CodeIgniter.php(410): CodeIgniter\CodeIgniter->runController()
#7 /var/www/html/ppaw-sem5/system/CodeIgniter.php(318): CodeIgniter\CodeIgniter->handleRequest()
#8 /var/www/html/ppaw-sem5/public/index.php(45): CodeIgniter\CodeIgniter->run()
#9 /var/www/html/ppaw-sem5/system/Commands/Server/rewrite.php(34): require_once('/var/www/html/p...')
#10 {main}
CRITICAL - 2020-10-07 00:51:20 --> Too few arguments to function App\Controllers\Ikan::aksi(), 0 passed in /var/www/html/ppaw-sem5/system/CodeIgniter.php on line 924 and exactly 1 expected
#0 /var/www/html/ppaw-sem5/system/CodeIgniter.php(924): App\Controllers\Ikan->aksi()
#1 /var/www/html/ppaw-sem5/system/CodeIgniter.php(410): CodeIgniter\CodeIgniter->runController()
#2 /var/www/html/ppaw-sem5/system/CodeIgniter.php(318): CodeIgniter\CodeIgniter->handleRequest()
#3 /var/www/html/ppaw-sem5/public/index.php(45): CodeIgniter\CodeIgniter->run()
#4 /var/www/html/ppaw-sem5/system/Commands/Server/rewrite.php(34): require_once('/var/www/html/p...')
#5 {main}
CRITICAL - 2020-10-07 00:52:35 --> Too few arguments to function App\Controllers\Ikan::aksi(), 0 passed in /var/www/html/ppaw-sem5/system/CodeIgniter.php on line 924 and exactly 1 expected
#0 /var/www/html/ppaw-sem5/system/CodeIgniter.php(924): App\Controllers\Ikan->aksi()
#1 /var/www/html/ppaw-sem5/system/CodeIgniter.php(410): CodeIgniter\CodeIgniter->runController()
#2 /var/www/html/ppaw-sem5/system/CodeIgniter.php(318): CodeIgniter\CodeIgniter->handleRequest()
#3 /var/www/html/ppaw-sem5/public/index.php(45): CodeIgniter\CodeIgniter->run()
#4 /var/www/html/ppaw-sem5/system/Commands/Server/rewrite.php(34): require_once('/var/www/html/p...')
#5 {main}
CRITICAL - 2020-10-07 00:56:45 --> Undefined property: App\Controllers\Ikan::$input
#0 /var/www/html/ppaw-sem5/app/Controllers/Ikan.php(16): CodeIgniter\Debug\Exceptions->errorHandler()
#1 /var/www/html/ppaw-sem5/system/CodeIgniter.php(924): App\Controllers\Ikan->aksi()
#2 /var/www/html/ppaw-sem5/system/CodeIgniter.php(410): CodeIgniter\CodeIgniter->runController()
#3 /var/www/html/ppaw-sem5/system/CodeIgniter.php(318): CodeIgniter\CodeIgniter->handleRequest()
#4 /var/www/html/ppaw-sem5/public/index.php(45): CodeIgniter\CodeIgniter->run()
#5 /var/www/html/ppaw-sem5/system/Commands/Server/rewrite.php(34): require_once('/var/www/html/p...')
#6 {main}
CRITICAL - 2020-10-07 00:56:53 --> Undefined property: App\Controllers\Ikan::$input
#0 /var/www/html/ppaw-sem5/app/Controllers/Ikan.php(16): CodeIgniter\Debug\Exceptions->errorHandler()
#1 /var/www/html/ppaw-sem5/system/CodeIgniter.php(924): App\Controllers\Ikan->aksi()
#2 /var/www/html/ppaw-sem5/system/CodeIgniter.php(410): CodeIgniter\CodeIgniter->runController()
#3 /var/www/html/ppaw-sem5/system/CodeIgniter.php(318): CodeIgniter\CodeIgniter->handleRequest()
#4 /var/www/html/ppaw-sem5/public/index.php(45): CodeIgniter\CodeIgniter->run()
#5 /var/www/html/ppaw-sem5/system/Commands/Server/rewrite.php(34): require_once('/var/www/html/p...')
#6 {main}
CRITICAL - 2020-10-07 00:58:25 --> Undefined property: App\Controllers\Ikan::$input
#0 /var/www/html/ppaw-sem5/app/Controllers/Ikan.php(16): CodeIgniter\Debug\Exceptions->errorHandler()
#1 /var/www/html/ppaw-sem5/system/CodeIgniter.php(924): App\Controllers\Ikan->aksi()
#2 /var/www/html/ppaw-sem5/system/CodeIgniter.php(410): CodeIgniter\CodeIgniter->runController()
#3 /var/www/html/ppaw-sem5/system/CodeIgniter.php(318): CodeIgniter\CodeIgniter->handleRequest()
#4 /var/www/html/ppaw-sem5/public/index.php(45): CodeIgniter\CodeIgniter->run()
#5 /var/www/html/ppaw-sem5/system/Commands/Server/rewrite.php(34): require_once('/var/www/html/p...')
#6 {main}
CRITICAL - 2020-10-07 01:06:27 --> Call to undefined function form_open()
#0 /var/www/html/ppaw-sem5/system/View/View.php(246): include()
#1 /var/www/html/ppaw-sem5/system/Common.php(1119): CodeIgniter\View\View->render()
#2 /var/www/html/ppaw-sem5/app/Controllers/Ikan.php(18): view()
#3 /var/www/html/ppaw-sem5/system/CodeIgniter.php(924): App\Controllers\Ikan->aksi()
#4 /var/www/html/ppaw-sem5/system/CodeIgniter.php(410): CodeIgniter\CodeIgniter->runController()
#5 /var/www/html/ppaw-sem5/system/CodeIgniter.php(318): CodeIgniter\CodeIgniter->handleRequest()
#6 /var/www/html/ppaw-sem5/public/index.php(45): CodeIgniter\CodeIgniter->run()
#7 /var/www/html/ppaw-sem5/system/Commands/Server/rewrite.php(34): require_once('/var/www/html/p...')
#8 {main}
CRITICAL - 2020-10-07 01:08:41 --> Call to undefined function form_open()
#0 /var/www/html/ppaw-sem5/system/View/View.php(246): include()
#1 /var/www/html/ppaw-sem5/system/Common.php(1119): CodeIgniter\View\View->render()
#2 /var/www/html/ppaw-sem5/app/Controllers/Ikan.php(18): view()
#3 /var/www/html/ppaw-sem5/system/CodeIgniter.php(924): App\Controllers\Ikan->aksi()
#4 /var/www/html/ppaw-sem5/system/CodeIgniter.php(410): CodeIgniter\CodeIgniter->runController()
#5 /var/www/html/ppaw-sem5/system/CodeIgniter.php(318): CodeIgniter\CodeIgniter->handleRequest()
#6 /var/www/html/ppaw-sem5/public/index.php(45): CodeIgniter\CodeIgniter->run()
#7 /var/www/html/ppaw-sem5/system/Commands/Server/rewrite.php(34): require_once('/var/www/html/p...')
#8 {main}
CRITICAL - 2020-10-07 01:15:58 --> Call to undefined function form_open()
#0 /var/www/html/ppaw-sem5/system/View/View.php(246): include()
#1 /var/www/html/ppaw-sem5/system/Common.php(1119): CodeIgniter\View\View->render()
#2 /var/www/html/ppaw-sem5/app/Controllers/Ikan.php(12): view()
#3 /var/www/html/ppaw-sem5/system/CodeIgniter.php(924): App\Controllers\Ikan->index()
#4 /var/www/html/ppaw-sem5/system/CodeIgniter.php(410): CodeIgniter\CodeIgniter->runController()
#5 /var/www/html/ppaw-sem5/system/CodeIgniter.php(318): CodeIgniter\CodeIgniter->handleRequest()
#6 /var/www/html/ppaw-sem5/public/index.php(45): CodeIgniter\CodeIgniter->run()
#7 /var/www/html/ppaw-sem5/system/Commands/Server/rewrite.php(34): require_once('/var/www/html/p...')
#8 {main}
CRITICAL - 2020-10-07 01:17:07 --> Cannot call constructor
#0 /var/www/html/ppaw-sem5/system/CodeIgniter.php(896): App\Controllers\Ikan->__construct()
#1 /var/www/html/ppaw-sem5/system/CodeIgniter.php(405): CodeIgniter\CodeIgniter->createController()
#2 /var/www/html/ppaw-sem5/system/CodeIgniter.php(318): CodeIgniter\CodeIgniter->handleRequest()
#3 /var/www/html/ppaw-sem5/public/index.php(45): CodeIgniter\CodeIgniter->run()
#4 /var/www/html/ppaw-sem5/system/Commands/Server/rewrite.php(34): require_once('/var/www/html/p...')
#5 {main}
CRITICAL - 2020-10-07 01:32:49 --> Undefined variable: model
#0 /var/www/html/ppaw-sem5/app/Controllers/Ikan.php(18): CodeIgniter\Debug\Exceptions->errorHandler()
#1 /var/www/html/ppaw-sem5/system/CodeIgniter.php(924): App\Controllers\Ikan->index()
#2 /var/www/html/ppaw-sem5/system/CodeIgniter.php(410): CodeIgniter\CodeIgniter->runController()
#3 /var/www/html/ppaw-sem5/system/CodeIgniter.php(318): CodeIgniter\CodeIgniter->handleRequest()
#4 /var/www/html/ppaw-sem5/public/index.php(45): CodeIgniter\CodeIgniter->run()
#5 /var/www/html/ppaw-sem5/system/Commands/Server/rewrite.php(34): require_once('/var/www/html/p...')
#6 {main}
CRITICAL - 2020-10-07 02:54:50 --> Cannot use object of type CodeIgniter\Database\MySQLi\Result as array
#0 /var/www/html/ppaw-sem5/system/CodeIgniter.php(924): App\Controllers\Home->getJson()
#1 /var/www/html/ppaw-sem5/system/CodeIgniter.php(410): CodeIgniter\CodeIgniter->runController()
#2 /var/www/html/ppaw-sem5/system/CodeIgniter.php(318): CodeIgniter\CodeIgniter->handleRequest()
#3 /var/www/html/ppaw-sem5/public/index.php(45): CodeIgniter\CodeIgniter->run()
#4 /var/www/html/ppaw-sem5/system/Commands/Server/rewrite.php(34): require_once('/var/www/html/p...')
#5 {main}
CRITICAL - 2020-10-07 02:55:14 --> Cannot use object of type CodeIgniter\Database\MySQLi\Result as array
#0 /var/www/html/ppaw-sem5/system/CodeIgniter.php(924): App\Controllers\Home->getJson()
#1 /var/www/html/ppaw-sem5/system/CodeIgniter.php(410): CodeIgniter\CodeIgniter->runController()
#2 /var/www/html/ppaw-sem5/system/CodeIgniter.php(318): CodeIgniter\CodeIgniter->handleRequest()
#3 /var/www/html/ppaw-sem5/public/index.php(45): CodeIgniter\CodeIgniter->run()
#4 /var/www/html/ppaw-sem5/system/Commands/Server/rewrite.php(34): require_once('/var/www/html/p...')
#5 {main}
CRITICAL - 2020-10-07 02:58:15 --> Cannot use object of type CodeIgniter\Database\MySQLi\Result as array
#0 /var/www/html/ppaw-sem5/system/CodeIgniter.php(924): App\Controllers\Home->getJson()
#1 /var/www/html/ppaw-sem5/system/CodeIgniter.php(410): CodeIgniter\CodeIgniter->runController()
#2 /var/www/html/ppaw-sem5/system/CodeIgniter.php(318): CodeIgniter\CodeIgniter->handleRequest()
#3 /var/www/html/ppaw-sem5/public/index.php(45): CodeIgniter\CodeIgniter->run()
#4 /var/www/html/ppaw-sem5/system/Commands/Server/rewrite.php(34): require_once('/var/www/html/p...')
#5 {main}
CRITICAL - 2020-10-07 03:00:32 --> Call to undefined method CodeIgniter\Database\MySQLi\Result::resultArray()
#0 /var/www/html/ppaw-sem5/system/CodeIgniter.php(924): App\Controllers\Home->getJson()
#1 /var/www/html/ppaw-sem5/system/CodeIgniter.php(410): CodeIgniter\CodeIgniter->runController()
#2 /var/www/html/ppaw-sem5/system/CodeIgniter.php(318): CodeIgniter\CodeIgniter->handleRequest()
#3 /var/www/html/ppaw-sem5/public/index.php(45): CodeIgniter\CodeIgniter->run()
#4 /var/www/html/ppaw-sem5/system/Commands/Server/rewrite.php(34): require_once('/var/www/html/p...')
#5 {main}
CRITICAL - 2020-10-07 03:03:30 --> Call to undefined method CodeIgniter\Database\MySQLi\Result::result_array()
#0 /var/www/html/ppaw-sem5/system/CodeIgniter.php(924): App\Controllers\Ikan->tes()
#1 /var/www/html/ppaw-sem5/system/CodeIgniter.php(410): CodeIgniter\CodeIgniter->runController()
#2 /var/www/html/ppaw-sem5/system/CodeIgniter.php(318): CodeIgniter\CodeIgniter->handleRequest()
#3 /var/www/html/ppaw-sem5/public/index.php(45): CodeIgniter\CodeIgniter->run()
#4 /var/www/html/ppaw-sem5/system/Commands/Server/rewrite.php(34): require_once('/var/www/html/p...')
#5 {main}
CRITICAL - 2020-10-07 03:13:25 --> json_decode() expects parameter 1 to be string, object given
#0 [internal function]: CodeIgniter\Debug\Exceptions->errorHandler()
#1 /var/www/html/ppaw-sem5/app/Controllers/Home.php(19): json_decode()
#2 /var/www/html/ppaw-sem5/system/CodeIgniter.php(924): App\Controllers\Home->getJson()
#3 /var/www/html/ppaw-sem5/system/CodeIgniter.php(410): CodeIgniter\CodeIgniter->runController()
#4 /var/www/html/ppaw-sem5/system/CodeIgniter.php(318): CodeIgniter\CodeIgniter->handleRequest()
#5 /var/www/html/ppaw-sem5/public/index.php(45): CodeIgniter\CodeIgniter->run()
#6 /var/www/html/ppaw-sem5/system/Commands/Server/rewrite.php(34): require_once('/var/www/html/p...')
#7 {main}
